<?xml version="1.0" encoding="UTF-8"?>
<testsuite name="com.hooney.lab.database.repository.jpa.UserNPlusOneTest" tests="2" skipped="0" failures="0" errors="0" timestamp="2026-05-11T21:36:58.243Z" hostname="ENTERPRISE" time="4.67">
  <properties/>
  <testcase name="⚠️ N+1 발생 케이스: findAll() 후 연관 데이터 접근" classname="com.hooney.lab.database.repository.jpa.UserNPlusOneTest" time="0.447"/>
  <testcase name="✅ N+1 해결책: Fetch Join 사용 (쿼리 단 1번!)" classname="com.hooney.lab.database.repository.jpa.UserNPlusOneTest" time="0.038"/>
  <system-out><![CDATA[06:36:58.383 [Test worker] INFO org.springframework.test.context.support.AnnotationConfigContextLoaderUtils -- Could not detect default configuration classes for test class [com.hooney.lab.database.repository.jpa.UserNPlusOneTest]: UserNPlusOneTest does not declare any static, non-private, non-final, nested classes annotated with @Configuration.
06:36:58.473 [Test worker] INFO org.springframework.boot.test.context.SpringBootTestContextBootstrapper -- Found @SpringBootConfiguration com.hooney.lab.database.DatabaseLabApplication for test class com.hooney.lab.database.repository.jpa.UserNPlusOneTest
06:36:58.533 [Test worker] INFO org.springframework.test.context.support.AnnotationConfigContextLoaderUtils -- Could not detect default configuration classes for test class [com.hooney.lab.database.repository.jpa.UserNPlusOneTest]: UserNPlusOneTest does not declare any static, non-private, non-final, nested classes annotated with @Configuration.
06:36:58.535 [Test worker] INFO org.springframework.boot.test.context.SpringBootTestContextBootstrapper -- Found @SpringBootConfiguration com.hooney.lab.database.DatabaseLabApplication for test class com.hooney.lab.database.repository.jpa.UserNPlusOneTest

  .   ____          _            __ _ _
 /\\ / ___'_ __ _ _(_)_ __  __ _ \ \ \ \
( ( )\___ | '_ | '_| | '_ \/ _` | \ \ \ \
 \\/  ___)| |_)| | | | | || (_| |  ) ) ) )
  '  |____| .__|_| |_|_| |_\__, | / / / /
 =========|_|==============|___/=/_/_/_/

 :: Spring Boot ::                (v4.0.6)

2026-05-12T06:36:58.840+09:00  INFO 14808 --- [database-master-lab] [    Test worker] c.h.l.d.repository.jpa.UserNPlusOneTest  : Starting UserNPlusOneTest using Java 21.0.11 with PID 14808 (started by Enterprise in D:\works\20260508\database-master-lab)
2026-05-12T06:36:58.841+09:00  INFO 14808 --- [database-master-lab] [    Test worker] c.h.l.d.repository.jpa.UserNPlusOneTest  : No active profile set, falling back to 1 default profile: "default"
2026-05-12T06:36:59.381+09:00  INFO 14808 --- [database-master-lab] [    Test worker] .s.d.r.c.RepositoryConfigurationDelegate : Bootstrapping Spring Data JPA repositories in DEFAULT mode.
2026-05-12T06:36:59.425+09:00  INFO 14808 --- [database-master-lab] [    Test worker] .s.d.r.c.RepositoryConfigurationDelegate : Finished Spring Data repository scanning in 36 ms. Found 1 JPA repository interface.
2026-05-12T06:36:59.880+09:00  INFO 14808 --- [database-master-lab] [    Test worker] org.hibernate.orm.jpa                    : HHH008540: Processing PersistenceUnitInfo [name: default]
2026-05-12T06:36:59.926+09:00  INFO 14808 --- [database-master-lab] [    Test worker] org.hibernate.orm.core                   : HHH000001: Hibernate ORM core version 7.2.12.Final
2026-05-12T06:37:00.255+09:00  INFO 14808 --- [database-master-lab] [    Test worker] o.s.o.j.p.SpringPersistenceUnitInfo      : No LoadTimeWeaver setup: ignoring JPA class transformer
2026-05-12T06:37:00.278+09:00  INFO 14808 --- [database-master-lab] [    Test worker] com.zaxxer.hikari.HikariDataSource       : HikariPool-1 - Starting...
2026-05-12T06:37:00.389+09:00  INFO 14808 --- [database-master-lab] [    Test worker] com.zaxxer.hikari.pool.HikariPool        : HikariPool-1 - Added connection conn0: url=jdbc:h2:mem:testdb user=SA
2026-05-12T06:37:00.390+09:00  INFO 14808 --- [database-master-lab] [    Test worker] com.zaxxer.hikari.HikariDataSource       : HikariPool-1 - Start completed.
2026-05-12T06:37:00.427+09:00  INFO 14808 --- [database-master-lab] [    Test worker] org.hibernate.orm.connections.pooling    : HHH10001005: Database info:
	Database JDBC URL [jdbc:h2:mem:testdb]
	Database driver: H2 JDBC Driver
	Database dialect: H2Dialect
	Database version: 2.4.240
	Default catalog/schema: TESTDB/PUBLIC
	Autocommit mode: undefined/unknown
	Isolation level: READ_COMMITTED [default READ_COMMITTED]
	JDBC fetch size: 100
	Pool: DataSourceConnectionProvider
	Minimum pool size: undefined/unknown
	Maximum pool size: undefined/unknown
2026-05-12T06:37:01.066+09:00  INFO 14808 --- [database-master-lab] [    Test worker] org.hibernate.orm.core                   : HHH000489: No JTA platform available (set 'hibernate.transaction.jta.platform' to enable JTA platform integration)
2026-05-12T06:37:01.079+09:00 DEBUG 14808 --- [database-master-lab] [    Test worker] org.hibernate.SQL                        : 
    ?[34mdrop?[0m ?[34mtable?[0m ?[34mif?[0m ?[34mexists?[0m posts ?[34mcascade?[0m 
?[35m[Hibernate]?[0m 
    ?[34mdrop?[0m ?[34mtable?[0m ?[34mif?[0m ?[34mexists?[0m posts ?[34mcascade?[0m 
2026-05-12T06:37:01.081+09:00 DEBUG 14808 --- [database-master-lab] [    Test worker] org.hibernate.SQL                        : 
    ?[34mdrop?[0m ?[34mtable?[0m ?[34mif?[0m ?[34mexists?[0m users ?[34mcascade?[0m 
?[35m[Hibernate]?[0m 
    ?[34mdrop?[0m ?[34mtable?[0m ?[34mif?[0m ?[34mexists?[0m users ?[34mcascade?[0m 
2026-05-12T06:37:01.083+09:00 DEBUG 14808 --- [database-master-lab] [    Test worker] org.hibernate.SQL                        : 
    ?[34mcreate?[0m ?[34mtable?[0m posts (
        created_at ?[34mtimestamp?[0m(6) ?[34mnot?[0m ?[34mnull?[0m,
        id ?[34mbigint?[0m generated ?[34mby?[0m ?[34mdefault?[0m ?[34mas?[0m ?[34midentity?[0m,
        modified_at ?[34mtimestamp?[0m(6) ?[34mnot?[0m ?[34mnull?[0m,
        user_id ?[34mbigint?[0m,
        title ?[34mvarchar?[0m(200) ?[34mnot?[0m ?[34mnull?[0m,
        content TEXT,
        ?[34mprimary?[0m ?[34mkey?[0m (id)
    )
?[35m[Hibernate]?[0m 
    ?[34mcreate?[0m ?[34mtable?[0m posts (
        created_at ?[34mtimestamp?[0m(6) ?[34mnot?[0m ?[34mnull?[0m,
        id ?[34mbigint?[0m generated ?[34mby?[0m ?[34mdefault?[0m ?[34mas?[0m ?[34midentity?[0m,
        modified_at ?[34mtimestamp?[0m(6) ?[34mnot?[0m ?[34mnull?[0m,
        user_id ?[34mbigint?[0m,
        title ?[34mvarchar?[0m(200) ?[34mnot?[0m ?[34mnull?[0m,
        content TEXT,
        ?[34mprimary?[0m ?[34mkey?[0m (id)
    )
2026-05-12T06:37:01.090+09:00 DEBUG 14808 --- [database-master-lab] [    Test worker] org.hibernate.SQL                        : 
    ?[34mcreate?[0m ?[34mtable?[0m users (
        created_at ?[34mtimestamp?[0m(6) ?[34mnot?[0m ?[34mnull?[0m,
        id ?[34mbigint?[0m generated ?[34mby?[0m ?[34mdefault?[0m ?[34mas?[0m ?[34midentity?[0m,
        modified_at ?[34mtimestamp?[0m(6) ?[34mnot?[0m ?[34mnull?[0m,
        phone_number ?[34mvarchar?[0m(20),
        email ?[34mvarchar?[0m(50) ?[34mnot?[0m ?[34mnull?[0m ?[34munique?[0m,
        name ?[34mvarchar?[0m(100) ?[34mnot?[0m ?[34mnull?[0m,
        status enum (?[36m'ACTIVE'?[0m,?[36m'INACTIVE'?[0m,?[36m'WITHDRAWN'?[0m) ?[34mnot?[0m ?[34mnull?[0m,
        ?[34mprimary?[0m ?[34mkey?[0m (id)
    )
?[35m[Hibernate]?[0m 
    ?[34mcreate?[0m ?[34mtable?[0m users (
        created_at ?[34mtimestamp?[0m(6) ?[34mnot?[0m ?[34mnull?[0m,
        id ?[34mbigint?[0m generated ?[34mby?[0m ?[34mdefault?[0m ?[34mas?[0m ?[34midentity?[0m,
        modified_at ?[34mtimestamp?[0m(6) ?[34mnot?[0m ?[34mnull?[0m,
        phone_number ?[34mvarchar?[0m(20),
        email ?[34mvarchar?[0m(50) ?[34mnot?[0m ?[34mnull?[0m ?[34munique?[0m,
        name ?[34mvarchar?[0m(100) ?[34mnot?[0m ?[34mnull?[0m,
        status enum (?[36m'ACTIVE'?[0m,?[36m'INACTIVE'?[0m,?[36m'WITHDRAWN'?[0m) ?[34mnot?[0m ?[34mnull?[0m,
        ?[34mprimary?[0m ?[34mkey?[0m (id)
    )
2026-05-12T06:37:01.093+09:00 DEBUG 14808 --- [database-master-lab] [    Test worker] org.hibernate.SQL                        : 
    ?[34malter?[0m ?[34mtable?[0m ?[34mif?[0m ?[34mexists?[0m posts 
       ?[34madd?[0m ?[34mconstraint?[0m FK5lidm6cqbc7u4xhqpxm898qme 
       ?[34mforeign?[0m ?[34mkey?[0m (user_id) 
       ?[34mreferences?[0m users
?[35m[Hibernate]?[0m 
    ?[34malter?[0m ?[34mtable?[0m ?[34mif?[0m ?[34mexists?[0m posts 
       ?[34madd?[0m ?[34mconstraint?[0m FK5lidm6cqbc7u4xhqpxm898qme 
       ?[34mforeign?[0m ?[34mkey?[0m (user_id) 
       ?[34mreferences?[0m users
2026-05-12T06:37:01.102+09:00  INFO 14808 --- [database-master-lab] [    Test worker] j.LocalContainerEntityManagerFactoryBean : Initialized JPA EntityManagerFactory for persistence unit 'default'
2026-05-12T06:37:01.252+09:00  WARN 14808 --- [database-master-lab] [    Test worker] JpaBaseConfiguration$JpaWebConfiguration : spring.jpa.open-in-view is enabled by default. Therefore, database queries may be performed during view rendering. Explicitly configure spring.jpa.open-in-view to disable this warning
2026-05-12T06:37:01.519+09:00  INFO 14808 --- [database-master-lab] [    Test worker] o.s.d.j.r.query.QueryEnhancerFactories   : Hibernate is in classpath; If applicable, HQL parser will be used.
2026-05-12T06:37:02.409+09:00  INFO 14808 --- [database-master-lab] [    Test worker] c.h.l.d.repository.jpa.UserNPlusOneTest  : Started UserNPlusOneTest in 3.812 seconds (process running for 4.819)
2026-05-12T06:37:02.735+09:00 DEBUG 14808 --- [database-master-lab] [    Test worker] org.hibernate.SQL                        : 
    ?[34minsert?[0m 
    ?[34minto?[0m
        users
        (created_at, email, modified_at, name, phone_number, status, id) 
    ?[34mvalues?[0m
        (?, ?, ?, ?, ?, ?, ?[34mdefault?[0m)
?[35m[Hibernate]?[0m 
    ?[34minsert?[0m 
    ?[34minto?[0m
        users
        (created_at, email, modified_at, name, phone_number, status, id) 
    ?[34mvalues?[0m
        (?, ?, ?, ?, ?, ?, ?[34mdefault?[0m)
2026-05-12T06:37:02.740+09:00 TRACE 14808 --- [database-master-lab] [    Test worker] org.hibernate.orm.jdbc.bind              : binding parameter (1:TIMESTAMP) <- [2026-05-12T06:37:02.719541900]
2026-05-12T06:37:02.741+09:00 TRACE 14808 --- [database-master-lab] [    Test worker] org.hibernate.orm.jdbc.bind              : binding parameter (2:VARCHAR) <- [user0@test.com]
2026-05-12T06:37:02.741+09:00 TRACE 14808 --- [database-master-lab] [    Test worker] org.hibernate.orm.jdbc.bind              : binding parameter (3:TIMESTAMP) <- [2026-05-12T06:37:02.719541900]
2026-05-12T06:37:02.741+09:00 TRACE 14808 --- [database-master-lab] [    Test worker] org.hibernate.orm.jdbc.bind              : binding parameter (4:VARCHAR) <- [User0]
2026-05-12T06:37:02.741+09:00 TRACE 14808 --- [database-master-lab] [    Test worker] org.hibernate.orm.jdbc.bind              : binding parameter (5:VARCHAR) <- [null]
2026-05-12T06:37:02.741+09:00 TRACE 14808 --- [database-master-lab] [    Test worker] org.hibernate.orm.jdbc.bind              : binding parameter (6:ENUM) <- [ACTIVE]
2026-05-12T06:37:02.765+09:00 DEBUG 14808 --- [database-master-lab] [    Test worker] org.hibernate.SQL                        : 
    ?[34minsert?[0m 
    ?[34minto?[0m
        posts
        (content, created_at, modified_at, title, user_id, id) 
    ?[34mvalues?[0m
        (?, ?, ?, ?, ?, ?[34mdefault?[0m)
?[35m[Hibernate]?[0m 
    ?[34minsert?[0m 
    ?[34minto?[0m
        posts
        (content, created_at, modified_at, title, user_id, id) 
    ?[34mvalues?[0m
        (?, ?, ?, ?, ?, ?[34mdefault?[0m)
2026-05-12T06:37:02.765+09:00 TRACE 14808 --- [database-master-lab] [    Test worker] org.hibernate.orm.jdbc.bind              : binding parameter (1:VARCHAR) <- [Content]
2026-05-12T06:37:02.766+09:00 TRACE 14808 --- [database-master-lab] [    Test worker] org.hibernate.orm.jdbc.bind              : binding parameter (2:TIMESTAMP) <- [2026-05-12T06:37:02.763469900]
2026-05-12T06:37:02.766+09:00 TRACE 14808 --- [database-master-lab] [    Test worker] org.hibernate.orm.jdbc.bind              : binding parameter (3:TIMESTAMP) <- [2026-05-12T06:37:02.763469900]
2026-05-12T06:37:02.766+09:00 TRACE 14808 --- [database-master-lab] [    Test worker] org.hibernate.orm.jdbc.bind              : binding parameter (4:VARCHAR) <- [Post 1 by User0]
2026-05-12T06:37:02.766+09:00 TRACE 14808 --- [database-master-lab] [    Test worker] org.hibernate.orm.jdbc.bind              : binding parameter (5:BIGINT) <- [1]
2026-05-12T06:37:02.767+09:00 DEBUG 14808 --- [database-master-lab] [    Test worker] org.hibernate.SQL                        : 
    ?[34minsert?[0m 
    ?[34minto?[0m
        posts
        (content, created_at, modified_at, title, user_id, id) 
    ?[34mvalues?[0m
        (?, ?, ?, ?, ?, ?[34mdefault?[0m)
?[35m[Hibernate]?[0m 
    ?[34minsert?[0m 
    ?[34minto?[0m
        posts
        (content, created_at, modified_at, title, user_id, id) 
    ?[34mvalues?[0m
        (?, ?, ?, ?, ?, ?[34mdefault?[0m)
2026-05-12T06:37:02.768+09:00 TRACE 14808 --- [database-master-lab] [    Test worker] org.hibernate.orm.jdbc.bind              : binding parameter (1:VARCHAR) <- [Content]
2026-05-12T06:37:02.768+09:00 TRACE 14808 --- [database-master-lab] [    Test worker] org.hibernate.orm.jdbc.bind              : binding parameter (2:TIMESTAMP) <- [2026-05-12T06:37:02.767825400]
2026-05-12T06:37:02.768+09:00 TRACE 14808 --- [database-master-lab] [    Test worker] org.hibernate.orm.jdbc.bind              : binding parameter (3:TIMESTAMP) <- [2026-05-12T06:37:02.767825400]
2026-05-12T06:37:02.768+09:00 TRACE 14808 --- [database-master-lab] [    Test worker] org.hibernate.orm.jdbc.bind              : binding parameter (4:VARCHAR) <- [Post 2 by User0]
2026-05-12T06:37:02.768+09:00 TRACE 14808 --- [database-master-lab] [    Test worker] org.hibernate.orm.jdbc.bind              : binding parameter (5:BIGINT) <- [1]
2026-05-12T06:37:02.769+09:00 DEBUG 14808 --- [database-master-lab] [    Test worker] org.hibernate.SQL                        : 
    ?[34minsert?[0m 
    ?[34minto?[0m
        users
        (created_at, email, modified_at, name, phone_number, status, id) 
    ?[34mvalues?[0m
        (?, ?, ?, ?, ?, ?, ?[34mdefault?[0m)
?[35m[Hibernate]?[0m 
    ?[34minsert?[0m 
    ?[34minto?[0m
        users
        (created_at, email, modified_at, name, phone_number, status, id) 
    ?[34mvalues?[0m
        (?, ?, ?, ?, ?, ?, ?[34mdefault?[0m)
2026-05-12T06:37:02.770+09:00 TRACE 14808 --- [database-master-lab] [    Test worker] org.hibernate.orm.jdbc.bind              : binding parameter (1:TIMESTAMP) <- [2026-05-12T06:37:02.769680300]
2026-05-12T06:37:02.770+09:00 TRACE 14808 --- [database-master-lab] [    Test worker] org.hibernate.orm.jdbc.bind              : binding parameter (2:VARCHAR) <- [user1@test.com]
2026-05-12T06:37:02.770+09:00 TRACE 14808 --- [database-master-lab] [    Test worker] org.hibernate.orm.jdbc.bind              : binding parameter (3:TIMESTAMP) <- [2026-05-12T06:37:02.769680300]
2026-05-12T06:37:02.770+09:00 TRACE 14808 --- [database-master-lab] [    Test worker] org.hibernate.orm.jdbc.bind              : binding parameter (4:VARCHAR) <- [User1]
2026-05-12T06:37:02.770+09:00 TRACE 14808 --- [database-master-lab] [    Test worker] org.hibernate.orm.jdbc.bind              : binding parameter (5:VARCHAR) <- [null]
2026-05-12T06:37:02.770+09:00 TRACE 14808 --- [database-master-lab] [    Test worker] org.hibernate.orm.jdbc.bind              : binding parameter (6:ENUM) <- [ACTIVE]
2026-05-12T06:37:02.771+09:00 DEBUG 14808 --- [database-master-lab] [    Test worker] org.hibernate.SQL                        : 
    ?[34minsert?[0m 
    ?[34minto?[0m
        posts
        (content, created_at, modified_at, title, user_id, id) 
    ?[34mvalues?[0m
        (?, ?, ?, ?, ?, ?[34mdefault?[0m)
?[35m[Hibernate]?[0m 
    ?[34minsert?[0m 
    ?[34minto?[0m
        posts
        (content, created_at, modified_at, title, user_id, id) 
    ?[34mvalues?[0m
        (?, ?, ?, ?, ?, ?[34mdefault?[0m)
2026-05-12T06:37:02.771+09:00 TRACE 14808 --- [database-master-lab] [    Test worker] org.hibernate.orm.jdbc.bind              : binding parameter (1:VARCHAR) <- [Content]
2026-05-12T06:37:02.772+09:00 TRACE 14808 --- [database-master-lab] [    Test worker] org.hibernate.orm.jdbc.bind              : binding parameter (2:TIMESTAMP) <- [2026-05-12T06:37:02.771393300]
2026-05-12T06:37:02.772+09:00 TRACE 14808 --- [database-master-lab] [    Test worker] org.hibernate.orm.jdbc.bind              : binding parameter (3:TIMESTAMP) <- [2026-05-12T06:37:02.771393300]
2026-05-12T06:37:02.772+09:00 TRACE 14808 --- [database-master-lab] [    Test worker] org.hibernate.orm.jdbc.bind              : binding parameter (4:VARCHAR) <- [Post 1 by User1]
2026-05-12T06:37:02.772+09:00 TRACE 14808 --- [database-master-lab] [    Test worker] org.hibernate.orm.jdbc.bind              : binding parameter (5:BIGINT) <- [2]
2026-05-12T06:37:02.773+09:00 DEBUG 14808 --- [database-master-lab] [    Test worker] org.hibernate.SQL                        : 
    ?[34minsert?[0m 
    ?[34minto?[0m
        posts
        (content, created_at, modified_at, title, user_id, id) 
    ?[34mvalues?[0m
        (?, ?, ?, ?, ?, ?[34mdefault?[0m)
?[35m[Hibernate]?[0m 
    ?[34minsert?[0m 
    ?[34minto?[0m
        posts
        (content, created_at, modified_at, title, user_id, id) 
    ?[34mvalues?[0m
        (?, ?, ?, ?, ?, ?[34mdefault?[0m)
2026-05-12T06:37:02.773+09:00 TRACE 14808 --- [database-master-lab] [    Test worker] org.hibernate.orm.jdbc.bind              : binding parameter (1:VARCHAR) <- [Content]
2026-05-12T06:37:02.773+09:00 TRACE 14808 --- [database-master-lab] [    Test worker] org.hibernate.orm.jdbc.bind              : binding parameter (2:TIMESTAMP) <- [2026-05-12T06:37:02.773186300]
2026-05-12T06:37:02.773+09:00 TRACE 14808 --- [database-master-lab] [    Test worker] org.hibernate.orm.jdbc.bind              : binding parameter (3:TIMESTAMP) <- [2026-05-12T06:37:02.773186300]
2026-05-12T06:37:02.773+09:00 TRACE 14808 --- [database-master-lab] [    Test worker] org.hibernate.orm.jdbc.bind              : binding parameter (4:VARCHAR) <- [Post 2 by User1]
2026-05-12T06:37:02.773+09:00 TRACE 14808 --- [database-master-lab] [    Test worker] org.hibernate.orm.jdbc.bind              : binding parameter (5:BIGINT) <- [2]
2026-05-12T06:37:02.775+09:00 DEBUG 14808 --- [database-master-lab] [    Test worker] org.hibernate.SQL                        : 
    ?[34minsert?[0m 
    ?[34minto?[0m
        users
        (created_at, email, modified_at, name, phone_number, status, id) 
    ?[34mvalues?[0m
        (?, ?, ?, ?, ?, ?, ?[34mdefault?[0m)
?[35m[Hibernate]?[0m 
    ?[34minsert?[0m 
    ?[34minto?[0m
        users
        (created_at, email, modified_at, name, phone_number, status, id) 
    ?[34mvalues?[0m
        (?, ?, ?, ?, ?, ?, ?[34mdefault?[0m)
2026-05-12T06:37:02.775+09:00 TRACE 14808 --- [database-master-lab] [    Test worker] org.hibernate.orm.jdbc.bind              : binding parameter (1:TIMESTAMP) <- [2026-05-12T06:37:02.775313400]
2026-05-12T06:37:02.775+09:00 TRACE 14808 --- [database-master-lab] [    Test worker] org.hibernate.orm.jdbc.bind              : binding parameter (2:VARCHAR) <- [user2@test.com]
2026-05-12T06:37:02.775+09:00 TRACE 14808 --- [database-master-lab] [    Test worker] org.hibernate.orm.jdbc.bind              : binding parameter (3:TIMESTAMP) <- [2026-05-12T06:37:02.775313400]
2026-05-12T06:37:02.775+09:00 TRACE 14808 --- [database-master-lab] [    Test worker] org.hibernate.orm.jdbc.bind              : binding parameter (4:VARCHAR) <- [User2]
2026-05-12T06:37:02.776+09:00 TRACE 14808 --- [database-master-lab] [    Test worker] org.hibernate.orm.jdbc.bind              : binding parameter (5:VARCHAR) <- [null]
2026-05-12T06:37:02.776+09:00 TRACE 14808 --- [database-master-lab] [    Test worker] org.hibernate.orm.jdbc.bind              : binding parameter (6:ENUM) <- [ACTIVE]
2026-05-12T06:37:02.777+09:00 DEBUG 14808 --- [database-master-lab] [    Test worker] org.hibernate.SQL                        : 
    ?[34minsert?[0m 
    ?[34minto?[0m
        posts
        (content, created_at, modified_at, title, user_id, id) 
    ?[34mvalues?[0m
        (?, ?, ?, ?, ?, ?[34mdefault?[0m)
?[35m[Hibernate]?[0m 
    ?[34minsert?[0m 
    ?[34minto?[0m
        posts
        (content, created_at, modified_at, title, user_id, id) 
    ?[34mvalues?[0m
        (?, ?, ?, ?, ?, ?[34mdefault?[0m)
2026-05-12T06:37:02.777+09:00 TRACE 14808 --- [database-master-lab] [    Test worker] org.hibernate.orm.jdbc.bind              : binding parameter (1:VARCHAR) <- [Content]
2026-05-12T06:37:02.777+09:00 TRACE 14808 --- [database-master-lab] [    Test worker] org.hibernate.orm.jdbc.bind              : binding parameter (2:TIMESTAMP) <- [2026-05-12T06:37:02.777116700]
2026-05-12T06:37:02.777+09:00 TRACE 14808 --- [database-master-lab] [    Test worker] org.hibernate.orm.jdbc.bind              : binding parameter (3:TIMESTAMP) <- [2026-05-12T06:37:02.777116700]
2026-05-12T06:37:02.777+09:00 TRACE 14808 --- [database-master-lab] [    Test worker] org.hibernate.orm.jdbc.bind              : binding parameter (4:VARCHAR) <- [Post 1 by User2]
2026-05-12T06:37:02.777+09:00 TRACE 14808 --- [database-master-lab] [    Test worker] org.hibernate.orm.jdbc.bind              : binding parameter (5:BIGINT) <- [3]
2026-05-12T06:37:02.778+09:00 DEBUG 14808 --- [database-master-lab] [    Test worker] org.hibernate.SQL                        : 
    ?[34minsert?[0m 
    ?[34minto?[0m
        posts
        (content, created_at, modified_at, title, user_id, id) 
    ?[34mvalues?[0m
        (?, ?, ?, ?, ?, ?[34mdefault?[0m)
?[35m[Hibernate]?[0m 
    ?[34minsert?[0m 
    ?[34minto?[0m
        posts
        (content, created_at, modified_at, title, user_id, id) 
    ?[34mvalues?[0m
        (?, ?, ?, ?, ?, ?[34mdefault?[0m)
2026-05-12T06:37:02.778+09:00 TRACE 14808 --- [database-master-lab] [    Test worker] org.hibernate.orm.jdbc.bind              : binding parameter (1:VARCHAR) <- [Content]
2026-05-12T06:37:02.778+09:00 TRACE 14808 --- [database-master-lab] [    Test worker] org.hibernate.orm.jdbc.bind              : binding parameter (2:TIMESTAMP) <- [2026-05-12T06:37:02.778312900]
2026-05-12T06:37:02.778+09:00 TRACE 14808 --- [database-master-lab] [    Test worker] org.hibernate.orm.jdbc.bind              : binding parameter (3:TIMESTAMP) <- [2026-05-12T06:37:02.778312900]
2026-05-12T06:37:02.779+09:00 TRACE 14808 --- [database-master-lab] [    Test worker] org.hibernate.orm.jdbc.bind              : binding parameter (4:VARCHAR) <- [Post 2 by User2]
2026-05-12T06:37:02.779+09:00 TRACE 14808 --- [database-master-lab] [    Test worker] org.hibernate.orm.jdbc.bind              : binding parameter (5:BIGINT) <- [3]
2026-05-12T06:37:02.780+09:00 DEBUG 14808 --- [database-master-lab] [    Test worker] org.hibernate.SQL                        : 
    ?[34minsert?[0m 
    ?[34minto?[0m
        users
        (created_at, email, modified_at, name, phone_number, status, id) 
    ?[34mvalues?[0m
        (?, ?, ?, ?, ?, ?, ?[34mdefault?[0m)
?[35m[Hibernate]?[0m 
    ?[34minsert?[0m 
    ?[34minto?[0m
        users
        (created_at, email, modified_at, name, phone_number, status, id) 
    ?[34mvalues?[0m
        (?, ?, ?, ?, ?, ?, ?[34mdefault?[0m)
2026-05-12T06:37:02.780+09:00 TRACE 14808 --- [database-master-lab] [    Test worker] org.hibernate.orm.jdbc.bind              : binding parameter (1:TIMESTAMP) <- [2026-05-12T06:37:02.779944900]
2026-05-12T06:37:02.780+09:00 TRACE 14808 --- [database-master-lab] [    Test worker] org.hibernate.orm.jdbc.bind              : binding parameter (2:VARCHAR) <- [user3@test.com]
2026-05-12T06:37:02.780+09:00 TRACE 14808 --- [database-master-lab] [    Test worker] org.hibernate.orm.jdbc.bind              : binding parameter (3:TIMESTAMP) <- [2026-05-12T06:37:02.779944900]
2026-05-12T06:37:02.780+09:00 TRACE 14808 --- [database-master-lab] [    Test worker] org.hibernate.orm.jdbc.bind              : binding parameter (4:VARCHAR) <- [User3]
2026-05-12T06:37:02.781+09:00 TRACE 14808 --- [database-master-lab] [    Test worker] org.hibernate.orm.jdbc.bind              : binding parameter (5:VARCHAR) <- [null]
2026-05-12T06:37:02.781+09:00 TRACE 14808 --- [database-master-lab] [    Test worker] org.hibernate.orm.jdbc.bind              : binding parameter (6:ENUM) <- [ACTIVE]
2026-05-12T06:37:02.782+09:00 DEBUG 14808 --- [database-master-lab] [    Test worker] org.hibernate.SQL                        : 
    ?[34minsert?[0m 
    ?[34minto?[0m
        posts
        (content, created_at, modified_at, title, user_id, id) 
    ?[34mvalues?[0m
        (?, ?, ?, ?, ?, ?[34mdefault?[0m)
?[35m[Hibernate]?[0m 
    ?[34minsert?[0m 
    ?[34minto?[0m
        posts
        (content, created_at, modified_at, title, user_id, id) 
    ?[34mvalues?[0m
        (?, ?, ?, ?, ?, ?[34mdefault?[0m)
2026-05-12T06:37:02.782+09:00 TRACE 14808 --- [database-master-lab] [    Test worker] org.hibernate.orm.jdbc.bind              : binding parameter (1:VARCHAR) <- [Content]
2026-05-12T06:37:02.782+09:00 TRACE 14808 --- [database-master-lab] [    Test worker] org.hibernate.orm.jdbc.bind              : binding parameter (2:TIMESTAMP) <- [2026-05-12T06:37:02.782046]
2026-05-12T06:37:02.782+09:00 TRACE 14808 --- [database-master-lab] [    Test worker] org.hibernate.orm.jdbc.bind              : binding parameter (3:TIMESTAMP) <- [2026-05-12T06:37:02.782046]
2026-05-12T06:37:02.782+09:00 TRACE 14808 --- [database-master-lab] [    Test worker] org.hibernate.orm.jdbc.bind              : binding parameter (4:VARCHAR) <- [Post 1 by User3]
2026-05-12T06:37:02.782+09:00 TRACE 14808 --- [database-master-lab] [    Test worker] org.hibernate.orm.jdbc.bind              : binding parameter (5:BIGINT) <- [4]
2026-05-12T06:37:02.783+09:00 DEBUG 14808 --- [database-master-lab] [    Test worker] org.hibernate.SQL                        : 
    ?[34minsert?[0m 
    ?[34minto?[0m
        posts
        (content, created_at, modified_at, title, user_id, id) 
    ?[34mvalues?[0m
        (?, ?, ?, ?, ?, ?[34mdefault?[0m)
?[35m[Hibernate]?[0m 
    ?[34minsert?[0m 
    ?[34minto?[0m
        posts
        (content, created_at, modified_at, title, user_id, id) 
    ?[34mvalues?[0m
        (?, ?, ?, ?, ?, ?[34mdefault?[0m)
2026-05-12T06:37:02.784+09:00 TRACE 14808 --- [database-master-lab] [    Test worker] org.hibernate.orm.jdbc.bind              : binding parameter (1:VARCHAR) <- [Content]
2026-05-12T06:37:02.784+09:00 TRACE 14808 --- [database-master-lab] [    Test worker] org.hibernate.orm.jdbc.bind              : binding parameter (2:TIMESTAMP) <- [2026-05-12T06:37:02.783081]
2026-05-12T06:37:02.784+09:00 TRACE 14808 --- [database-master-lab] [    Test worker] org.hibernate.orm.jdbc.bind              : binding parameter (3:TIMESTAMP) <- [2026-05-12T06:37:02.783081]
2026-05-12T06:37:02.784+09:00 TRACE 14808 --- [database-master-lab] [    Test worker] org.hibernate.orm.jdbc.bind              : binding parameter (4:VARCHAR) <- [Post 2 by User3]
2026-05-12T06:37:02.784+09:00 TRACE 14808 --- [database-master-lab] [    Test worker] org.hibernate.orm.jdbc.bind              : binding parameter (5:BIGINT) <- [4]
2026-05-12T06:37:02.784+09:00 DEBUG 14808 --- [database-master-lab] [    Test worker] org.hibernate.SQL                        : 
    ?[34minsert?[0m 
    ?[34minto?[0m
        users
        (created_at, email, modified_at, name, phone_number, status, id) 
    ?[34mvalues?[0m
        (?, ?, ?, ?, ?, ?, ?[34mdefault?[0m)
?[35m[Hibernate]?[0m 
    ?[34minsert?[0m 
    ?[34minto?[0m
        users
        (created_at, email, modified_at, name, phone_number, status, id) 
    ?[34mvalues?[0m
        (?, ?, ?, ?, ?, ?, ?[34mdefault?[0m)
2026-05-12T06:37:02.784+09:00 TRACE 14808 --- [database-master-lab] [    Test worker] org.hibernate.orm.jdbc.bind              : binding parameter (1:TIMESTAMP) <- [2026-05-12T06:37:02.784798500]
2026-05-12T06:37:02.784+09:00 TRACE 14808 --- [database-master-lab] [    Test worker] org.hibernate.orm.jdbc.bind              : binding parameter (2:VARCHAR) <- [user4@test.com]
2026-05-12T06:37:02.785+09:00 TRACE 14808 --- [database-master-lab] [    Test worker] org.hibernate.orm.jdbc.bind              : binding parameter (3:TIMESTAMP) <- [2026-05-12T06:37:02.784798500]
2026-05-12T06:37:02.785+09:00 TRACE 14808 --- [database-master-lab] [    Test worker] org.hibernate.orm.jdbc.bind              : binding parameter (4:VARCHAR) <- [User4]
2026-05-12T06:37:02.785+09:00 TRACE 14808 --- [database-master-lab] [    Test worker] org.hibernate.orm.jdbc.bind              : binding parameter (5:VARCHAR) <- [null]
2026-05-12T06:37:02.785+09:00 TRACE 14808 --- [database-master-lab] [    Test worker] org.hibernate.orm.jdbc.bind              : binding parameter (6:ENUM) <- [ACTIVE]
2026-05-12T06:37:02.787+09:00 DEBUG 14808 --- [database-master-lab] [    Test worker] org.hibernate.SQL                        : 
    ?[34minsert?[0m 
    ?[34minto?[0m
        posts
        (content, created_at, modified_at, title, user_id, id) 
    ?[34mvalues?[0m
        (?, ?, ?, ?, ?, ?[34mdefault?[0m)
?[35m[Hibernate]?[0m 
    ?[34minsert?[0m 
    ?[34minto?[0m
        posts
        (content, created_at, modified_at, title, user_id, id) 
    ?[34mvalues?[0m
        (?, ?, ?, ?, ?, ?[34mdefault?[0m)
2026-05-12T06:37:02.787+09:00 TRACE 14808 --- [database-master-lab] [    Test worker] org.hibernate.orm.jdbc.bind              : binding parameter (1:VARCHAR) <- [Content]
2026-05-12T06:37:02.787+09:00 TRACE 14808 --- [database-master-lab] [    Test worker] org.hibernate.orm.jdbc.bind              : binding parameter (2:TIMESTAMP) <- [2026-05-12T06:37:02.786687400]
2026-05-12T06:37:02.787+09:00 TRACE 14808 --- [database-master-lab] [    Test worker] org.hibernate.orm.jdbc.bind              : binding parameter (3:TIMESTAMP) <- [2026-05-12T06:37:02.786687400]
2026-05-12T06:37:02.787+09:00 TRACE 14808 --- [database-master-lab] [    Test worker] org.hibernate.orm.jdbc.bind              : binding parameter (4:VARCHAR) <- [Post 1 by User4]
2026-05-12T06:37:02.787+09:00 TRACE 14808 --- [database-master-lab] [    Test worker] org.hibernate.orm.jdbc.bind              : binding parameter (5:BIGINT) <- [5]
2026-05-12T06:37:02.788+09:00 DEBUG 14808 --- [database-master-lab] [    Test worker] org.hibernate.SQL                        : 
    ?[34minsert?[0m 
    ?[34minto?[0m
        posts
        (content, created_at, modified_at, title, user_id, id) 
    ?[34mvalues?[0m
        (?, ?, ?, ?, ?, ?[34mdefault?[0m)
?[35m[Hibernate]?[0m 
    ?[34minsert?[0m 
    ?[34minto?[0m
        posts
        (content, created_at, modified_at, title, user_id, id) 
    ?[34mvalues?[0m
        (?, ?, ?, ?, ?, ?[34mdefault?[0m)
2026-05-12T06:37:02.788+09:00 TRACE 14808 --- [database-master-lab] [    Test worker] org.hibernate.orm.jdbc.bind              : binding parameter (1:VARCHAR) <- [Content]
2026-05-12T06:37:02.788+09:00 TRACE 14808 --- [database-master-lab] [    Test worker] org.hibernate.orm.jdbc.bind              : binding parameter (2:TIMESTAMP) <- [2026-05-12T06:37:02.787294200]
2026-05-12T06:37:02.788+09:00 TRACE 14808 --- [database-master-lab] [    Test worker] org.hibernate.orm.jdbc.bind              : binding parameter (3:TIMESTAMP) <- [2026-05-12T06:37:02.787294200]
2026-05-12T06:37:02.788+09:00 TRACE 14808 --- [database-master-lab] [    Test worker] org.hibernate.orm.jdbc.bind              : binding parameter (4:VARCHAR) <- [Post 2 by User4]
2026-05-12T06:37:02.788+09:00 TRACE 14808 --- [database-master-lab] [    Test worker] org.hibernate.orm.jdbc.bind              : binding parameter (5:BIGINT) <- [5]
 ?????????????? 데이터 준비 완료 ?????????????? 
2026-05-12T06:37:02.838+09:00 DEBUG 14808 --- [database-master-lab] [    Test worker] org.hibernate.SQL                        : 
    ?[34mselect?[0m
        ue1_0.id,
        ue1_0.created_at,
        ue1_0.email,
        ue1_0.modified_at,
        ue1_0.name,
        ue1_0.phone_number,
        ue1_0.status 
    ?[34mfrom?[0m
        users ue1_0
?[35m[Hibernate]?[0m 
    ?[34mselect?[0m
        ue1_0.id,
        ue1_0.created_at,
        ue1_0.email,
        ue1_0.modified_at,
        ue1_0.name,
        ue1_0.phone_number,
        ue1_0.status 
    ?[34mfrom?[0m
        users ue1_0
 >>> 게시글 접근 시작 (이때 쿼리가 발생함) 
2026-05-12T06:37:02.855+09:00 DEBUG 14808 --- [database-master-lab] [    Test worker] org.hibernate.SQL                        : 
    ?[34mselect?[0m
        p1_0.user_id,
        p1_0.id,
        p1_0.content,
        p1_0.created_at,
        p1_0.modified_at,
        p1_0.title 
    ?[34mfrom?[0m
        posts p1_0 
    ?[34mwhere?[0m
        p1_0.user_id ?[34min?[0m (?, ?, ?, ?, ?, ?, ?, ?, ?, ?, ?, ?, ?, ?, ?, ?, ?, ?, ?, ?, ?, ?, ?, ?, ?, ?, ?, ?, ?, ?, ?, ?, ?, ?, ?, ?, ?, ?, ?, ?, ?, ?, ?, ?, ?, ?, ?, ?, ?, ?, ?, ?, ?, ?, ?, ?, ?, ?, ?, ?, ?, ?, ?, ?, ?, ?, ?, ?, ?, ?, ?, ?, ?, ?, ?, ?, ?, ?, ?, ?, ?, ?, ?, ?, ?, ?, ?, ?, ?, ?, ?, ?, ?, ?, ?, ?, ?, ?, ?, ?)
?[35m[Hibernate]?[0m 
    ?[34mselect?[0m
        p1_0.user_id,
        p1_0.id,
        p1_0.content,
        p1_0.created_at,
        p1_0.modified_at,
        p1_0.title 
    ?[34mfrom?[0m
        posts p1_0 
    ?[34mwhere?[0m
        p1_0.user_id ?[34min?[0m (?, ?, ?, ?, ?, ?, ?, ?, ?, ?, ?, ?, ?, ?, ?, ?, ?, ?, ?, ?, ?, ?, ?, ?, ?, ?, ?, ?, ?, ?, ?, ?, ?, ?, ?, ?, ?, ?, ?, ?, ?, ?, ?, ?, ?, ?, ?, ?, ?, ?, ?, ?, ?, ?, ?, ?, ?, ?, ?, ?, ?, ?, ?, ?, ?, ?, ?, ?, ?, ?, ?, ?, ?, ?, ?, ?, ?, ?, ?, ?, ?, ?, ?, ?, ?, ?, ?, ?, ?, ?, ?, ?, ?, ?, ?, ?, ?, ?, ?, ?)
2026-05-12T06:37:02.855+09:00 TRACE 14808 --- [database-master-lab] [    Test worker] org.hibernate.orm.jdbc.bind              : binding parameter (1:BIGINT) <- [1]
2026-05-12T06:37:02.856+09:00 TRACE 14808 --- [database-master-lab] [    Test worker] org.hibernate.orm.jdbc.bind              : binding parameter (2:BIGINT) <- [2]
2026-05-12T06:37:02.856+09:00 TRACE 14808 --- [database-master-lab] [    Test worker] org.hibernate.orm.jdbc.bind              : binding parameter (3:BIGINT) <- [3]
2026-05-12T06:37:02.856+09:00 TRACE 14808 --- [database-master-lab] [    Test worker] org.hibernate.orm.jdbc.bind              : binding parameter (4:BIGINT) <- [4]
2026-05-12T06:37:02.856+09:00 TRACE 14808 --- [database-master-lab] [    Test worker] org.hibernate.orm.jdbc.bind              : binding parameter (5:BIGINT) <- [5]
2026-05-12T06:37:02.856+09:00 TRACE 14808 --- [database-master-lab] [    Test worker] org.hibernate.orm.jdbc.bind              : binding parameter (6:BIGINT) <- [null]
2026-05-12T06:37:02.856+09:00 TRACE 14808 --- [database-master-lab] [    Test worker] org.hibernate.orm.jdbc.bind              : binding parameter (7:BIGINT) <- [null]
2026-05-12T06:37:02.856+09:00 TRACE 14808 --- [database-master-lab] [    Test worker] org.hibernate.orm.jdbc.bind              : binding parameter (8:BIGINT) <- [null]
2026-05-12T06:37:02.856+09:00 TRACE 14808 --- [database-master-lab] [    Test worker] org.hibernate.orm.jdbc.bind              : binding parameter (9:BIGINT) <- [null]
2026-05-12T06:37:02.856+09:00 TRACE 14808 --- [database-master-lab] [    Test worker] org.hibernate.orm.jdbc.bind              : binding parameter (10:BIGINT) <- [null]
2026-05-12T06:37:02.856+09:00 TRACE 14808 --- [database-master-lab] [    Test worker] org.hibernate.orm.jdbc.bind              : binding parameter (11:BIGINT) <- [null]
2026-05-12T06:37:02.856+09:00 TRACE 14808 --- [database-master-lab] [    Test worker] org.hibernate.orm.jdbc.bind              : binding parameter (12:BIGINT) <- [null]
2026-05-12T06:37:02.856+09:00 TRACE 14808 --- [database-master-lab] [    Test worker] org.hibernate.orm.jdbc.bind              : binding parameter (13:BIGINT) <- [null]
2026-05-12T06:37:02.856+09:00 TRACE 14808 --- [database-master-lab] [    Test worker] org.hibernate.orm.jdbc.bind              : binding parameter (14:BIGINT) <- [null]
2026-05-12T06:37:02.856+09:00 TRACE 14808 --- [database-master-lab] [    Test worker] org.hibernate.orm.jdbc.bind              : binding parameter (15:BIGINT) <- [null]
2026-05-12T06:37:02.856+09:00 TRACE 14808 --- [database-master-lab] [    Test worker] org.hibernate.orm.jdbc.bind              : binding parameter (16:BIGINT) <- [null]
2026-05-12T06:37:02.856+09:00 TRACE 14808 --- [database-master-lab] [    Test worker] org.hibernate.orm.jdbc.bind              : binding parameter (17:BIGINT) <- [null]
2026-05-12T06:37:02.856+09:00 TRACE 14808 --- [database-master-lab] [    Test worker] org.hibernate.orm.jdbc.bind              : binding parameter (18:BIGINT) <- [null]
2026-05-12T06:37:02.856+09:00 TRACE 14808 --- [database-master-lab] [    Test worker] org.hibernate.orm.jdbc.bind              : binding parameter (19:BIGINT) <- [null]
2026-05-12T06:37:02.856+09:00 TRACE 14808 --- [database-master-lab] [    Test worker] org.hibernate.orm.jdbc.bind              : binding parameter (20:BIGINT) <- [null]
2026-05-12T06:37:02.856+09:00 TRACE 14808 --- [database-master-lab] [    Test worker] org.hibernate.orm.jdbc.bind              : binding parameter (21:BIGINT) <- [null]
2026-05-12T06:37:02.857+09:00 TRACE 14808 --- [database-master-lab] [    Test worker] org.hibernate.orm.jdbc.bind              : binding parameter (22:BIGINT) <- [null]
2026-05-12T06:37:02.857+09:00 TRACE 14808 --- [database-master-lab] [    Test worker] org.hibernate.orm.jdbc.bind              : binding parameter (23:BIGINT) <- [null]
2026-05-12T06:37:02.857+09:00 TRACE 14808 --- [database-master-lab] [    Test worker] org.hibernate.orm.jdbc.bind              : binding parameter (24:BIGINT) <- [null]
2026-05-12T06:37:02.857+09:00 TRACE 14808 --- [database-master-lab] [    Test worker] org.hibernate.orm.jdbc.bind              : binding parameter (25:BIGINT) <- [null]
2026-05-12T06:37:02.857+09:00 TRACE 14808 --- [database-master-lab] [    Test worker] org.hibernate.orm.jdbc.bind              : binding parameter (26:BIGINT) <- [null]
2026-05-12T06:37:02.857+09:00 TRACE 14808 --- [database-master-lab] [    Test worker] org.hibernate.orm.jdbc.bind              : binding parameter (27:BIGINT) <- [null]
2026-05-12T06:37:02.857+09:00 TRACE 14808 --- [database-master-lab] [    Test worker] org.hibernate.orm.jdbc.bind              : binding parameter (28:BIGINT) <- [null]
2026-05-12T06:37:02.857+09:00 TRACE 14808 --- [database-master-lab] [    Test worker] org.hibernate.orm.jdbc.bind              : binding parameter (29:BIGINT) <- [null]
2026-05-12T06:37:02.857+09:00 TRACE 14808 --- [database-master-lab] [    Test worker] org.hibernate.orm.jdbc.bind              : binding parameter (30:BIGINT) <- [null]
2026-05-12T06:37:02.857+09:00 TRACE 14808 --- [database-master-lab] [    Test worker] org.hibernate.orm.jdbc.bind              : binding parameter (31:BIGINT) <- [null]
2026-05-12T06:37:02.857+09:00 TRACE 14808 --- [database-master-lab] [    Test worker] org.hibernate.orm.jdbc.bind              : binding parameter (32:BIGINT) <- [null]
2026-05-12T06:37:02.857+09:00 TRACE 14808 --- [database-master-lab] [    Test worker] org.hibernate.orm.jdbc.bind              : binding parameter (33:BIGINT) <- [null]
2026-05-12T06:37:02.857+09:00 TRACE 14808 --- [database-master-lab] [    Test worker] org.hibernate.orm.jdbc.bind              : binding parameter (34:BIGINT) <- [null]
2026-05-12T06:37:02.857+09:00 TRACE 14808 --- [database-master-lab] [    Test worker] org.hibernate.orm.jdbc.bind              : binding parameter (35:BIGINT) <- [null]
2026-05-12T06:37:02.857+09:00 TRACE 14808 --- [database-master-lab] [    Test worker] org.hibernate.orm.jdbc.bind              : binding parameter (36:BIGINT) <- [null]
2026-05-12T06:37:02.857+09:00 TRACE 14808 --- [database-master-lab] [    Test worker] org.hibernate.orm.jdbc.bind              : binding parameter (37:BIGINT) <- [null]
2026-05-12T06:37:02.857+09:00 TRACE 14808 --- [database-master-lab] [    Test worker] org.hibernate.orm.jdbc.bind              : binding parameter (38:BIGINT) <- [null]
2026-05-12T06:37:02.857+09:00 TRACE 14808 --- [database-master-lab] [    Test worker] org.hibernate.orm.jdbc.bind              : binding parameter (39:BIGINT) <- [null]
2026-05-12T06:37:02.857+09:00 TRACE 14808 --- [database-master-lab] [    Test worker] org.hibernate.orm.jdbc.bind              : binding parameter (40:BIGINT) <- [null]
2026-05-12T06:37:02.857+09:00 TRACE 14808 --- [database-master-lab] [    Test worker] org.hibernate.orm.jdbc.bind              : binding parameter (41:BIGINT) <- [null]
2026-05-12T06:37:02.857+09:00 TRACE 14808 --- [database-master-lab] [    Test worker] org.hibernate.orm.jdbc.bind              : binding parameter (42:BIGINT) <- [null]
2026-05-12T06:37:02.857+09:00 TRACE 14808 --- [database-master-lab] [    Test worker] org.hibernate.orm.jdbc.bind              : binding parameter (43:BIGINT) <- [null]
2026-05-12T06:37:02.857+09:00 TRACE 14808 --- [database-master-lab] [    Test worker] org.hibernate.orm.jdbc.bind              : binding parameter (44:BIGINT) <- [null]
2026-05-12T06:37:02.857+09:00 TRACE 14808 --- [database-master-lab] [    Test worker] org.hibernate.orm.jdbc.bind              : binding parameter (45:BIGINT) <- [null]
2026-05-12T06:37:02.857+09:00 TRACE 14808 --- [database-master-lab] [    Test worker] org.hibernate.orm.jdbc.bind              : binding parameter (46:BIGINT) <- [null]
2026-05-12T06:37:02.857+09:00 TRACE 14808 --- [database-master-lab] [    Test worker] org.hibernate.orm.jdbc.bind              : binding parameter (47:BIGINT) <- [null]
2026-05-12T06:37:02.857+09:00 TRACE 14808 --- [database-master-lab] [    Test worker] org.hibernate.orm.jdbc.bind              : binding parameter (48:BIGINT) <- [null]
2026-05-12T06:37:02.857+09:00 TRACE 14808 --- [database-master-lab] [    Test worker] org.hibernate.orm.jdbc.bind              : binding parameter (49:BIGINT) <- [null]
2026-05-12T06:37:02.857+09:00 TRACE 14808 --- [database-master-lab] [    Test worker] org.hibernate.orm.jdbc.bind              : binding parameter (50:BIGINT) <- [null]
2026-05-12T06:37:02.857+09:00 TRACE 14808 --- [database-master-lab] [    Test worker] org.hibernate.orm.jdbc.bind              : binding parameter (51:BIGINT) <- [null]
2026-05-12T06:37:02.857+09:00 TRACE 14808 --- [database-master-lab] [    Test worker] org.hibernate.orm.jdbc.bind              : binding parameter (52:BIGINT) <- [null]
2026-05-12T06:37:02.857+09:00 TRACE 14808 --- [database-master-lab] [    Test worker] org.hibernate.orm.jdbc.bind              : binding parameter (53:BIGINT) <- [null]
2026-05-12T06:37:02.857+09:00 TRACE 14808 --- [database-master-lab] [    Test worker] org.hibernate.orm.jdbc.bind              : binding parameter (54:BIGINT) <- [null]
2026-05-12T06:37:02.857+09:00 TRACE 14808 --- [database-master-lab] [    Test worker] org.hibernate.orm.jdbc.bind              : binding parameter (55:BIGINT) <- [null]
2026-05-12T06:37:02.857+09:00 TRACE 14808 --- [database-master-lab] [    Test worker] org.hibernate.orm.jdbc.bind              : binding parameter (56:BIGINT) <- [null]
2026-05-12T06:37:02.857+09:00 TRACE 14808 --- [database-master-lab] [    Test worker] org.hibernate.orm.jdbc.bind              : binding parameter (57:BIGINT) <- [null]
2026-05-12T06:37:02.857+09:00 TRACE 14808 --- [database-master-lab] [    Test worker] org.hibernate.orm.jdbc.bind              : binding parameter (58:BIGINT) <- [null]
2026-05-12T06:37:02.857+09:00 TRACE 14808 --- [database-master-lab] [    Test worker] org.hibernate.orm.jdbc.bind              : binding parameter (59:BIGINT) <- [null]
2026-05-12T06:37:02.857+09:00 TRACE 14808 --- [database-master-lab] [    Test worker] org.hibernate.orm.jdbc.bind              : binding parameter (60:BIGINT) <- [null]
2026-05-12T06:37:02.857+09:00 TRACE 14808 --- [database-master-lab] [    Test worker] org.hibernate.orm.jdbc.bind              : binding parameter (61:BIGINT) <- [null]
2026-05-12T06:37:02.858+09:00 TRACE 14808 --- [database-master-lab] [    Test worker] org.hibernate.orm.jdbc.bind              : binding parameter (62:BIGINT) <- [null]
2026-05-12T06:37:02.858+09:00 TRACE 14808 --- [database-master-lab] [    Test worker] org.hibernate.orm.jdbc.bind              : binding parameter (63:BIGINT) <- [null]
2026-05-12T06:37:02.858+09:00 TRACE 14808 --- [database-master-lab] [    Test worker] org.hibernate.orm.jdbc.bind              : binding parameter (64:BIGINT) <- [null]
2026-05-12T06:37:02.858+09:00 TRACE 14808 --- [database-master-lab] [    Test worker] org.hibernate.orm.jdbc.bind              : binding parameter (65:BIGINT) <- [null]
2026-05-12T06:37:02.858+09:00 TRACE 14808 --- [database-master-lab] [    Test worker] org.hibernate.orm.jdbc.bind              : binding parameter (66:BIGINT) <- [null]
2026-05-12T06:37:02.858+09:00 TRACE 14808 --- [database-master-lab] [    Test worker] org.hibernate.orm.jdbc.bind              : binding parameter (67:BIGINT) <- [null]
2026-05-12T06:37:02.858+09:00 TRACE 14808 --- [database-master-lab] [    Test worker] org.hibernate.orm.jdbc.bind              : binding parameter (68:BIGINT) <- [null]
2026-05-12T06:37:02.858+09:00 TRACE 14808 --- [database-master-lab] [    Test worker] org.hibernate.orm.jdbc.bind              : binding parameter (69:BIGINT) <- [null]
2026-05-12T06:37:02.858+09:00 TRACE 14808 --- [database-master-lab] [    Test worker] org.hibernate.orm.jdbc.bind              : binding parameter (70:BIGINT) <- [null]
2026-05-12T06:37:02.858+09:00 TRACE 14808 --- [database-master-lab] [    Test worker] org.hibernate.orm.jdbc.bind              : binding parameter (71:BIGINT) <- [null]
2026-05-12T06:37:02.858+09:00 TRACE 14808 --- [database-master-lab] [    Test worker] org.hibernate.orm.jdbc.bind              : binding parameter (72:BIGINT) <- [null]
2026-05-12T06:37:02.858+09:00 TRACE 14808 --- [database-master-lab] [    Test worker] org.hibernate.orm.jdbc.bind              : binding parameter (73:BIGINT) <- [null]
2026-05-12T06:37:02.858+09:00 TRACE 14808 --- [database-master-lab] [    Test worker] org.hibernate.orm.jdbc.bind              : binding parameter (74:BIGINT) <- [null]
2026-05-12T06:37:02.858+09:00 TRACE 14808 --- [database-master-lab] [    Test worker] org.hibernate.orm.jdbc.bind              : binding parameter (75:BIGINT) <- [null]
2026-05-12T06:37:02.858+09:00 TRACE 14808 --- [database-master-lab] [    Test worker] org.hibernate.orm.jdbc.bind              : binding parameter (76:BIGINT) <- [null]
2026-05-12T06:37:02.858+09:00 TRACE 14808 --- [database-master-lab] [    Test worker] org.hibernate.orm.jdbc.bind              : binding parameter (77:BIGINT) <- [null]
2026-05-12T06:37:02.858+09:00 TRACE 14808 --- [database-master-lab] [    Test worker] org.hibernate.orm.jdbc.bind              : binding parameter (78:BIGINT) <- [null]
2026-05-12T06:37:02.858+09:00 TRACE 14808 --- [database-master-lab] [    Test worker] org.hibernate.orm.jdbc.bind              : binding parameter (79:BIGINT) <- [null]
2026-05-12T06:37:02.858+09:00 TRACE 14808 --- [database-master-lab] [    Test worker] org.hibernate.orm.jdbc.bind              : binding parameter (80:BIGINT) <- [null]
2026-05-12T06:37:02.858+09:00 TRACE 14808 --- [database-master-lab] [    Test worker] org.hibernate.orm.jdbc.bind              : binding parameter (81:BIGINT) <- [null]
2026-05-12T06:37:02.858+09:00 TRACE 14808 --- [database-master-lab] [    Test worker] org.hibernate.orm.jdbc.bind              : binding parameter (82:BIGINT) <- [null]
2026-05-12T06:37:02.858+09:00 TRACE 14808 --- [database-master-lab] [    Test worker] org.hibernate.orm.jdbc.bind              : binding parameter (83:BIGINT) <- [null]
2026-05-12T06:37:02.858+09:00 TRACE 14808 --- [database-master-lab] [    Test worker] org.hibernate.orm.jdbc.bind              : binding parameter (84:BIGINT) <- [null]
2026-05-12T06:37:02.858+09:00 TRACE 14808 --- [database-master-lab] [    Test worker] org.hibernate.orm.jdbc.bind              : binding parameter (85:BIGINT) <- [null]
2026-05-12T06:37:02.858+09:00 TRACE 14808 --- [database-master-lab] [    Test worker] org.hibernate.orm.jdbc.bind              : binding parameter (86:BIGINT) <- [null]
2026-05-12T06:37:02.858+09:00 TRACE 14808 --- [database-master-lab] [    Test worker] org.hibernate.orm.jdbc.bind              : binding parameter (87:BIGINT) <- [null]
2026-05-12T06:37:02.858+09:00 TRACE 14808 --- [database-master-lab] [    Test worker] org.hibernate.orm.jdbc.bind              : binding parameter (88:BIGINT) <- [null]
2026-05-12T06:37:02.858+09:00 TRACE 14808 --- [database-master-lab] [    Test worker] org.hibernate.orm.jdbc.bind              : binding parameter (89:BIGINT) <- [null]
2026-05-12T06:37:02.858+09:00 TRACE 14808 --- [database-master-lab] [    Test worker] org.hibernate.orm.jdbc.bind              : binding parameter (90:BIGINT) <- [null]
2026-05-12T06:37:02.858+09:00 TRACE 14808 --- [database-master-lab] [    Test worker] org.hibernate.orm.jdbc.bind              : binding parameter (91:BIGINT) <- [null]
2026-05-12T06:37:02.858+09:00 TRACE 14808 --- [database-master-lab] [    Test worker] org.hibernate.orm.jdbc.bind              : binding parameter (92:BIGINT) <- [null]
2026-05-12T06:37:02.858+09:00 TRACE 14808 --- [database-master-lab] [    Test worker] org.hibernate.orm.jdbc.bind              : binding parameter (93:BIGINT) <- [null]
2026-05-12T06:37:02.858+09:00 TRACE 14808 --- [database-master-lab] [    Test worker] org.hibernate.orm.jdbc.bind              : binding parameter (94:BIGINT) <- [null]
2026-05-12T06:37:02.859+09:00 TRACE 14808 --- [database-master-lab] [    Test worker] org.hibernate.orm.jdbc.bind              : binding parameter (95:BIGINT) <- [null]
2026-05-12T06:37:02.859+09:00 TRACE 14808 --- [database-master-lab] [    Test worker] org.hibernate.orm.jdbc.bind              : binding parameter (96:BIGINT) <- [null]
2026-05-12T06:37:02.859+09:00 TRACE 14808 --- [database-master-lab] [    Test worker] org.hibernate.orm.jdbc.bind              : binding parameter (97:BIGINT) <- [null]
2026-05-12T06:37:02.859+09:00 TRACE 14808 --- [database-master-lab] [    Test worker] org.hibernate.orm.jdbc.bind              : binding parameter (98:BIGINT) <- [null]
2026-05-12T06:37:02.859+09:00 TRACE 14808 --- [database-master-lab] [    Test worker] org.hibernate.orm.jdbc.bind              : binding parameter (99:BIGINT) <- [null]
2026-05-12T06:37:02.859+09:00 TRACE 14808 --- [database-master-lab] [    Test worker] org.hibernate.orm.jdbc.bind              : binding parameter (100:BIGINT) <- [null]
User: User0, Posts Count: 2
User: User1, Posts Count: 2
User: User2, Posts Count: 2
User: User3, Posts Count: 2
User: User4, Posts Count: 2
2026-05-12T06:37:02.878+09:00 DEBUG 14808 --- [database-master-lab] [    Test worker] org.hibernate.SQL                        : 
    ?[34minsert?[0m 
    ?[34minto?[0m
        users
        (created_at, email, modified_at, name, phone_number, status, id) 
    ?[34mvalues?[0m
        (?, ?, ?, ?, ?, ?, ?[34mdefault?[0m)
?[35m[Hibernate]?[0m 
    ?[34minsert?[0m 
    ?[34minto?[0m
        users
        (created_at, email, modified_at, name, phone_number, status, id) 
    ?[34mvalues?[0m
        (?, ?, ?, ?, ?, ?, ?[34mdefault?[0m)
2026-05-12T06:37:02.878+09:00 TRACE 14808 --- [database-master-lab] [    Test worker] org.hibernate.orm.jdbc.bind              : binding parameter (1:TIMESTAMP) <- [2026-05-12T06:37:02.877083100]
2026-05-12T06:37:02.878+09:00 TRACE 14808 --- [database-master-lab] [    Test worker] org.hibernate.orm.jdbc.bind              : binding parameter (2:VARCHAR) <- [user0@test.com]
2026-05-12T06:37:02.878+09:00 TRACE 14808 --- [database-master-lab] [    Test worker] org.hibernate.orm.jdbc.bind              : binding parameter (3:TIMESTAMP) <- [2026-05-12T06:37:02.877083100]
2026-05-12T06:37:02.878+09:00 TRACE 14808 --- [database-master-lab] [    Test worker] org.hibernate.orm.jdbc.bind              : binding parameter (4:VARCHAR) <- [User0]
2026-05-12T06:37:02.878+09:00 TRACE 14808 --- [database-master-lab] [    Test worker] org.hibernate.orm.jdbc.bind              : binding parameter (5:VARCHAR) <- [null]
2026-05-12T06:37:02.878+09:00 TRACE 14808 --- [database-master-lab] [    Test worker] org.hibernate.orm.jdbc.bind              : binding parameter (6:ENUM) <- [ACTIVE]
2026-05-12T06:37:02.879+09:00 DEBUG 14808 --- [database-master-lab] [    Test worker] org.hibernate.SQL                        : 
    ?[34minsert?[0m 
    ?[34minto?[0m
        posts
        (content, created_at, modified_at, title, user_id, id) 
    ?[34mvalues?[0m
        (?, ?, ?, ?, ?, ?[34mdefault?[0m)
?[35m[Hibernate]?[0m 
    ?[34minsert?[0m 
    ?[34minto?[0m
        posts
        (content, created_at, modified_at, title, user_id, id) 
    ?[34mvalues?[0m
        (?, ?, ?, ?, ?, ?[34mdefault?[0m)
2026-05-12T06:37:02.879+09:00 TRACE 14808 --- [database-master-lab] [    Test worker] org.hibernate.orm.jdbc.bind              : binding parameter (1:VARCHAR) <- [Content]
2026-05-12T06:37:02.879+09:00 TRACE 14808 --- [database-master-lab] [    Test worker] org.hibernate.orm.jdbc.bind              : binding parameter (2:TIMESTAMP) <- [2026-05-12T06:37:02.879594700]
2026-05-12T06:37:02.879+09:00 TRACE 14808 --- [database-master-lab] [    Test worker] org.hibernate.orm.jdbc.bind              : binding parameter (3:TIMESTAMP) <- [2026-05-12T06:37:02.879594700]
2026-05-12T06:37:02.879+09:00 TRACE 14808 --- [database-master-lab] [    Test worker] org.hibernate.orm.jdbc.bind              : binding parameter (4:VARCHAR) <- [Post 1 by User0]
2026-05-12T06:37:02.879+09:00 TRACE 14808 --- [database-master-lab] [    Test worker] org.hibernate.orm.jdbc.bind              : binding parameter (5:BIGINT) <- [6]
2026-05-12T06:37:02.880+09:00 DEBUG 14808 --- [database-master-lab] [    Test worker] org.hibernate.SQL                        : 
    ?[34minsert?[0m 
    ?[34minto?[0m
        posts
        (content, created_at, modified_at, title, user_id, id) 
    ?[34mvalues?[0m
        (?, ?, ?, ?, ?, ?[34mdefault?[0m)
?[35m[Hibernate]?[0m 
    ?[34minsert?[0m 
    ?[34minto?[0m
        posts
        (content, created_at, modified_at, title, user_id, id) 
    ?[34mvalues?[0m
        (?, ?, ?, ?, ?, ?[34mdefault?[0m)
2026-05-12T06:37:02.880+09:00 TRACE 14808 --- [database-master-lab] [    Test worker] org.hibernate.orm.jdbc.bind              : binding parameter (1:VARCHAR) <- [Content]
2026-05-12T06:37:02.880+09:00 TRACE 14808 --- [database-master-lab] [    Test worker] org.hibernate.orm.jdbc.bind              : binding parameter (2:TIMESTAMP) <- [2026-05-12T06:37:02.880604200]
2026-05-12T06:37:02.880+09:00 TRACE 14808 --- [database-master-lab] [    Test worker] org.hibernate.orm.jdbc.bind              : binding parameter (3:TIMESTAMP) <- [2026-05-12T06:37:02.880604200]
2026-05-12T06:37:02.880+09:00 TRACE 14808 --- [database-master-lab] [    Test worker] org.hibernate.orm.jdbc.bind              : binding parameter (4:VARCHAR) <- [Post 2 by User0]
2026-05-12T06:37:02.880+09:00 TRACE 14808 --- [database-master-lab] [    Test worker] org.hibernate.orm.jdbc.bind              : binding parameter (5:BIGINT) <- [6]
2026-05-12T06:37:02.880+09:00 DEBUG 14808 --- [database-master-lab] [    Test worker] org.hibernate.SQL                        : 
    ?[34minsert?[0m 
    ?[34minto?[0m
        users
        (created_at, email, modified_at, name, phone_number, status, id) 
    ?[34mvalues?[0m
        (?, ?, ?, ?, ?, ?, ?[34mdefault?[0m)
?[35m[Hibernate]?[0m 
    ?[34minsert?[0m 
    ?[34minto?[0m
        users
        (created_at, email, modified_at, name, phone_number, status, id) 
    ?[34mvalues?[0m
        (?, ?, ?, ?, ?, ?, ?[34mdefault?[0m)
2026-05-12T06:37:02.880+09:00 TRACE 14808 --- [database-master-lab] [    Test worker] org.hibernate.orm.jdbc.bind              : binding parameter (1:TIMESTAMP) <- [2026-05-12T06:37:02.880604200]
2026-05-12T06:37:02.880+09:00 TRACE 14808 --- [database-master-lab] [    Test worker] org.hibernate.orm.jdbc.bind              : binding parameter (2:VARCHAR) <- [user1@test.com]
2026-05-12T06:37:02.882+09:00 TRACE 14808 --- [database-master-lab] [    Test worker] org.hibernate.orm.jdbc.bind              : binding parameter (3:TIMESTAMP) <- [2026-05-12T06:37:02.880604200]
2026-05-12T06:37:02.882+09:00 TRACE 14808 --- [database-master-lab] [    Test worker] org.hibernate.orm.jdbc.bind              : binding parameter (4:VARCHAR) <- [User1]
2026-05-12T06:37:02.882+09:00 TRACE 14808 --- [database-master-lab] [    Test worker] org.hibernate.orm.jdbc.bind              : binding parameter (5:VARCHAR) <- [null]
2026-05-12T06:37:02.882+09:00 TRACE 14808 --- [database-master-lab] [    Test worker] org.hibernate.orm.jdbc.bind              : binding parameter (6:ENUM) <- [ACTIVE]
2026-05-12T06:37:02.882+09:00 DEBUG 14808 --- [database-master-lab] [    Test worker] org.hibernate.SQL                        : 
    ?[34minsert?[0m 
    ?[34minto?[0m
        posts
        (content, created_at, modified_at, title, user_id, id) 
    ?[34mvalues?[0m
        (?, ?, ?, ?, ?, ?[34mdefault?[0m)
?[35m[Hibernate]?[0m 
    ?[34minsert?[0m 
    ?[34minto?[0m
        posts
        (content, created_at, modified_at, title, user_id, id) 
    ?[34mvalues?[0m
        (?, ?, ?, ?, ?, ?[34mdefault?[0m)
2026-05-12T06:37:02.882+09:00 TRACE 14808 --- [database-master-lab] [    Test worker] org.hibernate.orm.jdbc.bind              : binding parameter (1:VARCHAR) <- [Content]
2026-05-12T06:37:02.882+09:00 TRACE 14808 --- [database-master-lab] [    Test worker] org.hibernate.orm.jdbc.bind              : binding parameter (2:TIMESTAMP) <- [2026-05-12T06:37:02.882108700]
2026-05-12T06:37:02.882+09:00 TRACE 14808 --- [database-master-lab] [    Test worker] org.hibernate.orm.jdbc.bind              : binding parameter (3:TIMESTAMP) <- [2026-05-12T06:37:02.882108700]
2026-05-12T06:37:02.882+09:00 TRACE 14808 --- [database-master-lab] [    Test worker] org.hibernate.orm.jdbc.bind              : binding parameter (4:VARCHAR) <- [Post 1 by User1]
2026-05-12T06:37:02.882+09:00 TRACE 14808 --- [database-master-lab] [    Test worker] org.hibernate.orm.jdbc.bind              : binding parameter (5:BIGINT) <- [7]
2026-05-12T06:37:02.883+09:00 DEBUG 14808 --- [database-master-lab] [    Test worker] org.hibernate.SQL                        : 
    ?[34minsert?[0m 
    ?[34minto?[0m
        posts
        (content, created_at, modified_at, title, user_id, id) 
    ?[34mvalues?[0m
        (?, ?, ?, ?, ?, ?[34mdefault?[0m)
?[35m[Hibernate]?[0m 
    ?[34minsert?[0m 
    ?[34minto?[0m
        posts
        (content, created_at, modified_at, title, user_id, id) 
    ?[34mvalues?[0m
        (?, ?, ?, ?, ?, ?[34mdefault?[0m)
2026-05-12T06:37:02.884+09:00 TRACE 14808 --- [database-master-lab] [    Test worker] org.hibernate.orm.jdbc.bind              : binding parameter (1:VARCHAR) <- [Content]
2026-05-12T06:37:02.884+09:00 TRACE 14808 --- [database-master-lab] [    Test worker] org.hibernate.orm.jdbc.bind              : binding parameter (2:TIMESTAMP) <- [2026-05-12T06:37:02.883663400]
2026-05-12T06:37:02.884+09:00 TRACE 14808 --- [database-master-lab] [    Test worker] org.hibernate.orm.jdbc.bind              : binding parameter (3:TIMESTAMP) <- [2026-05-12T06:37:02.883663400]
2026-05-12T06:37:02.884+09:00 TRACE 14808 --- [database-master-lab] [    Test worker] org.hibernate.orm.jdbc.bind              : binding parameter (4:VARCHAR) <- [Post 2 by User1]
2026-05-12T06:37:02.884+09:00 TRACE 14808 --- [database-master-lab] [    Test worker] org.hibernate.orm.jdbc.bind              : binding parameter (5:BIGINT) <- [7]
2026-05-12T06:37:02.884+09:00 DEBUG 14808 --- [database-master-lab] [    Test worker] org.hibernate.SQL                        : 
    ?[34minsert?[0m 
    ?[34minto?[0m
        users
        (created_at, email, modified_at, name, phone_number, status, id) 
    ?[34mvalues?[0m
        (?, ?, ?, ?, ?, ?, ?[34mdefault?[0m)
?[35m[Hibernate]?[0m 
    ?[34minsert?[0m 
    ?[34minto?[0m
        users
        (created_at, email, modified_at, name, phone_number, status, id) 
    ?[34mvalues?[0m
        (?, ?, ?, ?, ?, ?, ?[34mdefault?[0m)
2026-05-12T06:37:02.884+09:00 TRACE 14808 --- [database-master-lab] [    Test worker] org.hibernate.orm.jdbc.bind              : binding parameter (1:TIMESTAMP) <- [2026-05-12T06:37:02.884715700]
2026-05-12T06:37:02.884+09:00 TRACE 14808 --- [database-master-lab] [    Test worker] org.hibernate.orm.jdbc.bind              : binding parameter (2:VARCHAR) <- [user2@test.com]
2026-05-12T06:37:02.884+09:00 TRACE 14808 --- [database-master-lab] [    Test worker] org.hibernate.orm.jdbc.bind              : binding parameter (3:TIMESTAMP) <- [2026-05-12T06:37:02.884715700]
2026-05-12T06:37:02.884+09:00 TRACE 14808 --- [database-master-lab] [    Test worker] org.hibernate.orm.jdbc.bind              : binding parameter (4:VARCHAR) <- [User2]
2026-05-12T06:37:02.884+09:00 TRACE 14808 --- [database-master-lab] [    Test worker] org.hibernate.orm.jdbc.bind              : binding parameter (5:VARCHAR) <- [null]
2026-05-12T06:37:02.884+09:00 TRACE 14808 --- [database-master-lab] [    Test worker] org.hibernate.orm.jdbc.bind              : binding parameter (6:ENUM) <- [ACTIVE]
2026-05-12T06:37:02.885+09:00 DEBUG 14808 --- [database-master-lab] [    Test worker] org.hibernate.SQL                        : 
    ?[34minsert?[0m 
    ?[34minto?[0m
        posts
        (content, created_at, modified_at, title, user_id, id) 
    ?[34mvalues?[0m
        (?, ?, ?, ?, ?, ?[34mdefault?[0m)
?[35m[Hibernate]?[0m 
    ?[34minsert?[0m 
    ?[34minto?[0m
        posts
        (content, created_at, modified_at, title, user_id, id) 
    ?[34mvalues?[0m
        (?, ?, ?, ?, ?, ?[34mdefault?[0m)
2026-05-12T06:37:02.885+09:00 TRACE 14808 --- [database-master-lab] [    Test worker] org.hibernate.orm.jdbc.bind              : binding parameter (1:VARCHAR) <- [Content]
2026-05-12T06:37:02.885+09:00 TRACE 14808 --- [database-master-lab] [    Test worker] org.hibernate.orm.jdbc.bind              : binding parameter (2:TIMESTAMP) <- [2026-05-12T06:37:02.885721900]
2026-05-12T06:37:02.885+09:00 TRACE 14808 --- [database-master-lab] [    Test worker] org.hibernate.orm.jdbc.bind              : binding parameter (3:TIMESTAMP) <- [2026-05-12T06:37:02.885721900]
2026-05-12T06:37:02.885+09:00 TRACE 14808 --- [database-master-lab] [    Test worker] org.hibernate.orm.jdbc.bind              : binding parameter (4:VARCHAR) <- [Post 1 by User2]
2026-05-12T06:37:02.885+09:00 TRACE 14808 --- [database-master-lab] [    Test worker] org.hibernate.orm.jdbc.bind              : binding parameter (5:BIGINT) <- [8]
2026-05-12T06:37:02.886+09:00 DEBUG 14808 --- [database-master-lab] [    Test worker] org.hibernate.SQL                        : 
    ?[34minsert?[0m 
    ?[34minto?[0m
        posts
        (content, created_at, modified_at, title, user_id, id) 
    ?[34mvalues?[0m
        (?, ?, ?, ?, ?, ?[34mdefault?[0m)
?[35m[Hibernate]?[0m 
    ?[34minsert?[0m 
    ?[34minto?[0m
        posts
        (content, created_at, modified_at, title, user_id, id) 
    ?[34mvalues?[0m
        (?, ?, ?, ?, ?, ?[34mdefault?[0m)
2026-05-12T06:37:02.886+09:00 TRACE 14808 --- [database-master-lab] [    Test worker] org.hibernate.orm.jdbc.bind              : binding parameter (1:VARCHAR) <- [Content]
2026-05-12T06:37:02.886+09:00 TRACE 14808 --- [database-master-lab] [    Test worker] org.hibernate.orm.jdbc.bind              : binding parameter (2:TIMESTAMP) <- [2026-05-12T06:37:02.886750100]
2026-05-12T06:37:02.886+09:00 TRACE 14808 --- [database-master-lab] [    Test worker] org.hibernate.orm.jdbc.bind              : binding parameter (3:TIMESTAMP) <- [2026-05-12T06:37:02.886750100]
2026-05-12T06:37:02.887+09:00 TRACE 14808 --- [database-master-lab] [    Test worker] org.hibernate.orm.jdbc.bind              : binding parameter (4:VARCHAR) <- [Post 2 by User2]
2026-05-12T06:37:02.887+09:00 TRACE 14808 --- [database-master-lab] [    Test worker] org.hibernate.orm.jdbc.bind              : binding parameter (5:BIGINT) <- [8]
2026-05-12T06:37:02.888+09:00 DEBUG 14808 --- [database-master-lab] [    Test worker] org.hibernate.SQL                        : 
    ?[34minsert?[0m 
    ?[34minto?[0m
        users
        (created_at, email, modified_at, name, phone_number, status, id) 
    ?[34mvalues?[0m
        (?, ?, ?, ?, ?, ?, ?[34mdefault?[0m)
?[35m[Hibernate]?[0m 
    ?[34minsert?[0m 
    ?[34minto?[0m
        users
        (created_at, email, modified_at, name, phone_number, status, id) 
    ?[34mvalues?[0m
        (?, ?, ?, ?, ?, ?, ?[34mdefault?[0m)
2026-05-12T06:37:02.888+09:00 TRACE 14808 --- [database-master-lab] [    Test worker] org.hibernate.orm.jdbc.bind              : binding parameter (1:TIMESTAMP) <- [2026-05-12T06:37:02.887441200]
2026-05-12T06:37:02.888+09:00 TRACE 14808 --- [database-master-lab] [    Test worker] org.hibernate.orm.jdbc.bind              : binding parameter (2:VARCHAR) <- [user3@test.com]
2026-05-12T06:37:02.888+09:00 TRACE 14808 --- [database-master-lab] [    Test worker] org.hibernate.orm.jdbc.bind              : binding parameter (3:TIMESTAMP) <- [2026-05-12T06:37:02.887441200]
2026-05-12T06:37:02.888+09:00 TRACE 14808 --- [database-master-lab] [    Test worker] org.hibernate.orm.jdbc.bind              : binding parameter (4:VARCHAR) <- [User3]
2026-05-12T06:37:02.888+09:00 TRACE 14808 --- [database-master-lab] [    Test worker] org.hibernate.orm.jdbc.bind              : binding parameter (5:VARCHAR) <- [null]
2026-05-12T06:37:02.888+09:00 TRACE 14808 --- [database-master-lab] [    Test worker] org.hibernate.orm.jdbc.bind              : binding parameter (6:ENUM) <- [ACTIVE]
2026-05-12T06:37:02.888+09:00 DEBUG 14808 --- [database-master-lab] [    Test worker] org.hibernate.SQL                        : 
    ?[34minsert?[0m 
    ?[34minto?[0m
        posts
        (content, created_at, modified_at, title, user_id, id) 
    ?[34mvalues?[0m
        (?, ?, ?, ?, ?, ?[34mdefault?[0m)
?[35m[Hibernate]?[0m 
    ?[34minsert?[0m 
    ?[34minto?[0m
        posts
        (content, created_at, modified_at, title, user_id, id) 
    ?[34mvalues?[0m
        (?, ?, ?, ?, ?, ?[34mdefault?[0m)
2026-05-12T06:37:02.888+09:00 TRACE 14808 --- [database-master-lab] [    Test worker] org.hibernate.orm.jdbc.bind              : binding parameter (1:VARCHAR) <- [Content]
2026-05-12T06:37:02.888+09:00 TRACE 14808 --- [database-master-lab] [    Test worker] org.hibernate.orm.jdbc.bind              : binding parameter (2:TIMESTAMP) <- [2026-05-12T06:37:02.888728100]
2026-05-12T06:37:02.888+09:00 TRACE 14808 --- [database-master-lab] [    Test worker] org.hibernate.orm.jdbc.bind              : binding parameter (3:TIMESTAMP) <- [2026-05-12T06:37:02.888728100]
2026-05-12T06:37:02.888+09:00 TRACE 14808 --- [database-master-lab] [    Test worker] org.hibernate.orm.jdbc.bind              : binding parameter (4:VARCHAR) <- [Post 1 by User3]
2026-05-12T06:37:02.888+09:00 TRACE 14808 --- [database-master-lab] [    Test worker] org.hibernate.orm.jdbc.bind              : binding parameter (5:BIGINT) <- [9]
2026-05-12T06:37:02.890+09:00 DEBUG 14808 --- [database-master-lab] [    Test worker] org.hibernate.SQL                        : 
    ?[34minsert?[0m 
    ?[34minto?[0m
        posts
        (content, created_at, modified_at, title, user_id, id) 
    ?[34mvalues?[0m
        (?, ?, ?, ?, ?, ?[34mdefault?[0m)
?[35m[Hibernate]?[0m 
    ?[34minsert?[0m 
    ?[34minto?[0m
        posts
        (content, created_at, modified_at, title, user_id, id) 
    ?[34mvalues?[0m
        (?, ?, ?, ?, ?, ?[34mdefault?[0m)
2026-05-12T06:37:02.890+09:00 TRACE 14808 --- [database-master-lab] [    Test worker] org.hibernate.orm.jdbc.bind              : binding parameter (1:VARCHAR) <- [Content]
2026-05-12T06:37:02.890+09:00 TRACE 14808 --- [database-master-lab] [    Test worker] org.hibernate.orm.jdbc.bind              : binding parameter (2:TIMESTAMP) <- [2026-05-12T06:37:02.890243800]
2026-05-12T06:37:02.890+09:00 TRACE 14808 --- [database-master-lab] [    Test worker] org.hibernate.orm.jdbc.bind              : binding parameter (3:TIMESTAMP) <- [2026-05-12T06:37:02.890243800]
2026-05-12T06:37:02.890+09:00 TRACE 14808 --- [database-master-lab] [    Test worker] org.hibernate.orm.jdbc.bind              : binding parameter (4:VARCHAR) <- [Post 2 by User3]
2026-05-12T06:37:02.890+09:00 TRACE 14808 --- [database-master-lab] [    Test worker] org.hibernate.orm.jdbc.bind              : binding parameter (5:BIGINT) <- [9]
2026-05-12T06:37:02.891+09:00 DEBUG 14808 --- [database-master-lab] [    Test worker] org.hibernate.SQL                        : 
    ?[34minsert?[0m 
    ?[34minto?[0m
        users
        (created_at, email, modified_at, name, phone_number, status, id) 
    ?[34mvalues?[0m
        (?, ?, ?, ?, ?, ?, ?[34mdefault?[0m)
?[35m[Hibernate]?[0m 
    ?[34minsert?[0m 
    ?[34minto?[0m
        users
        (created_at, email, modified_at, name, phone_number, status, id) 
    ?[34mvalues?[0m
        (?, ?, ?, ?, ?, ?, ?[34mdefault?[0m)
2026-05-12T06:37:02.891+09:00 TRACE 14808 --- [database-master-lab] [    Test worker] org.hibernate.orm.jdbc.bind              : binding parameter (1:TIMESTAMP) <- [2026-05-12T06:37:02.891251600]
2026-05-12T06:37:02.891+09:00 TRACE 14808 --- [database-master-lab] [    Test worker] org.hibernate.orm.jdbc.bind              : binding parameter (2:VARCHAR) <- [user4@test.com]
2026-05-12T06:37:02.891+09:00 TRACE 14808 --- [database-master-lab] [    Test worker] org.hibernate.orm.jdbc.bind              : binding parameter (3:TIMESTAMP) <- [2026-05-12T06:37:02.891251600]
2026-05-12T06:37:02.891+09:00 TRACE 14808 --- [database-master-lab] [    Test worker] org.hibernate.orm.jdbc.bind              : binding parameter (4:VARCHAR) <- [User4]
2026-05-12T06:37:02.891+09:00 TRACE 14808 --- [database-master-lab] [    Test worker] org.hibernate.orm.jdbc.bind              : binding parameter (5:VARCHAR) <- [null]
2026-05-12T06:37:02.892+09:00 TRACE 14808 --- [database-master-lab] [    Test worker] org.hibernate.orm.jdbc.bind              : binding parameter (6:ENUM) <- [ACTIVE]
2026-05-12T06:37:02.892+09:00 DEBUG 14808 --- [database-master-lab] [    Test worker] org.hibernate.SQL                        : 
    ?[34minsert?[0m 
    ?[34minto?[0m
        posts
        (content, created_at, modified_at, title, user_id, id) 
    ?[34mvalues?[0m
        (?, ?, ?, ?, ?, ?[34mdefault?[0m)
?[35m[Hibernate]?[0m 
    ?[34minsert?[0m 
    ?[34minto?[0m
        posts
        (content, created_at, modified_at, title, user_id, id) 
    ?[34mvalues?[0m
        (?, ?, ?, ?, ?, ?[34mdefault?[0m)
2026-05-12T06:37:02.892+09:00 TRACE 14808 --- [database-master-lab] [    Test worker] org.hibernate.orm.jdbc.bind              : binding parameter (1:VARCHAR) <- [Content]
2026-05-12T06:37:02.892+09:00 TRACE 14808 --- [database-master-lab] [    Test worker] org.hibernate.orm.jdbc.bind              : binding parameter (2:TIMESTAMP) <- [2026-05-12T06:37:02.892085300]
2026-05-12T06:37:02.892+09:00 TRACE 14808 --- [database-master-lab] [    Test worker] org.hibernate.orm.jdbc.bind              : binding parameter (3:TIMESTAMP) <- [2026-05-12T06:37:02.892085300]
2026-05-12T06:37:02.893+09:00 TRACE 14808 --- [database-master-lab] [    Test worker] org.hibernate.orm.jdbc.bind              : binding parameter (4:VARCHAR) <- [Post 1 by User4]
2026-05-12T06:37:02.893+09:00 TRACE 14808 --- [database-master-lab] [    Test worker] org.hibernate.orm.jdbc.bind              : binding parameter (5:BIGINT) <- [10]
2026-05-12T06:37:02.893+09:00 DEBUG 14808 --- [database-master-lab] [    Test worker] org.hibernate.SQL                        : 
    ?[34minsert?[0m 
    ?[34minto?[0m
        posts
        (content, created_at, modified_at, title, user_id, id) 
    ?[34mvalues?[0m
        (?, ?, ?, ?, ?, ?[34mdefault?[0m)
?[35m[Hibernate]?[0m 
    ?[34minsert?[0m 
    ?[34minto?[0m
        posts
        (content, created_at, modified_at, title, user_id, id) 
    ?[34mvalues?[0m
        (?, ?, ?, ?, ?, ?[34mdefault?[0m)
2026-05-12T06:37:02.893+09:00 TRACE 14808 --- [database-master-lab] [    Test worker] org.hibernate.orm.jdbc.bind              : binding parameter (1:VARCHAR) <- [Content]
2026-05-12T06:37:02.893+09:00 TRACE 14808 --- [database-master-lab] [    Test worker] org.hibernate.orm.jdbc.bind              : binding parameter (2:TIMESTAMP) <- [2026-05-12T06:37:02.893598700]
2026-05-12T06:37:02.893+09:00 TRACE 14808 --- [database-master-lab] [    Test worker] org.hibernate.orm.jdbc.bind              : binding parameter (3:TIMESTAMP) <- [2026-05-12T06:37:02.893598700]
2026-05-12T06:37:02.893+09:00 TRACE 14808 --- [database-master-lab] [    Test worker] org.hibernate.orm.jdbc.bind              : binding parameter (4:VARCHAR) <- [Post 2 by User4]
2026-05-12T06:37:02.893+09:00 TRACE 14808 --- [database-master-lab] [    Test worker] org.hibernate.orm.jdbc.bind              : binding parameter (5:BIGINT) <- [10]
 ?????????????? 데이터 준비 완료 ?????????????? 
2026-05-12T06:37:02.908+09:00 DEBUG 14808 --- [database-master-lab] [    Test worker] org.hibernate.SQL                        : 
    ?[34mselect?[0m
        ue1_0.id,
        ue1_0.created_at,
        ue1_0.email,
        ue1_0.modified_at,
        ue1_0.name,
        ue1_0.phone_number,
        p1_0.user_id,
        p1_0.id,
        p1_0.content,
        p1_0.created_at,
        p1_0.modified_at,
        p1_0.title,
        ue1_0.status 
    ?[34mfrom?[0m
        users ue1_0 
    ?[34mjoin?[0m
        posts p1_0 
            ?[34mon?[0m ue1_0.id=p1_0.user_id
?[35m[Hibernate]?[0m 
    ?[34mselect?[0m
        ue1_0.id,
        ue1_0.created_at,
        ue1_0.email,
        ue1_0.modified_at,
        ue1_0.name,
        ue1_0.phone_number,
        p1_0.user_id,
        p1_0.id,
        p1_0.content,
        p1_0.created_at,
        p1_0.modified_at,
        p1_0.title,
        ue1_0.status 
    ?[34mfrom?[0m
        users ue1_0 
    ?[34mjoin?[0m
        posts p1_0 
            ?[34mon?[0m ue1_0.id=p1_0.user_id
 >>> Fetch Join 결과 확인 
User: User0, Posts Count: 2
User: User1, Posts Count: 2
User: User2, Posts Count: 2
User: User3, Posts Count: 2
User: User4, Posts Count: 2
]]></system-out>
  <system-err><![CDATA[Mockito is currently self-attaching to enable the inline-mock-maker. This will no longer work in future releases of the JDK. Please add Mockito as an agent to your build as described in Mockito's documentation: https://javadoc.io/doc/org.mockito/mockito-core/latest/org.mockito/org/mockito/Mockito.html#0.3
WARNING: A Java agent has been loaded dynamically (C:\Users\Enterprise\.gradle\caches\modules-2\files-2.1\net.bytebuddy\byte-buddy-agent\1.17.8\f09415827a71be7ed621c7bd02550678f28bc81c\byte-buddy-agent-1.17.8.jar)
WARNING: If a serviceability tool is in use, please run with -XX:+EnableDynamicAgentLoading to hide this warning
WARNING: If a serviceability tool is not in use, please run with -Djdk.instrument.traceUsage for more information
WARNING: Dynamic loading of agents will be disallowed by default in a future release
]]></system-err>
</testsuite>
